app/build/intermediates/manifest_merge_blame_file/debug/processDebugMainManifest/manifest-merger-blame-debug-report.txt
1<?xml version="1.0" encoding="utf-8"?>
2<manifest xmlns:android="http://schemas.android.com/apk/res/android"
3    package="com.venkat.healthapp"
4    android:versionCode="1"
5    android:versionName="1.0" >
6
7    <uses-sdk
8        android:minSdkVersion="26"
9        android:targetSdkVersion="34" />
10
11    <uses-permission android:name="android.permission.POST_NOTIFICATIONS" />
11-->src\main\AndroidManifest.xml:4:5-77
11-->src\main\AndroidManifest.xml:4:22-74
12    <uses-permission android:name="android.permission.SCHEDULE_EXACT_ALARM" />
12-->src\main\AndroidManifest.xml:5:5-79
12-->src\main\AndroidManifest.xml:5:22-76
13    <uses-permission android:name="android.permission.USE_EXACT_ALARM" />
13-->src\main\AndroidManifest.xml:6:5-74
13-->src\main\AndroidManifest.xml:6:22-71
14    <uses-permission android:name="android.permission.WAKE_LOCK" />
14-->src\main\AndroidManifest.xml:7:5-68
14-->src\main\AndroidManifest.xml:7:22-65
15    <uses-permission android:name="android.permission.DISABLE_KEYGUARD" />
15-->src\main\AndroidManifest.xml:8:5-75
15-->src\main\AndroidManifest.xml:8:22-72
16    <uses-permission android:name="android.permission.RECEIVE_BOOT_COMPLETED" />
16-->src\main\AndroidManifest.xml:9:5-81
16-->src\main\AndroidManifest.xml:9:22-78
17    <uses-permission android:name="android.permission.VIBRATE" />
17-->src\main\AndroidManifest.xml:10:5-66
17-->src\main\AndroidManifest.xml:10:22-63
18    <uses-permission android:name="android.permission.USE_FULL_SCREEN_INTENT" />
18-->src\main\AndroidManifest.xml:11:5-81
18-->src\main\AndroidManifest.xml:11:22-78
19    <uses-permission android:name="android.permission.CAMERA" />
19-->src\main\AndroidManifest.xml:12:5-65
19-->src\main\AndroidManifest.xml:12:22-62
20    <uses-permission android:name="android.permission.BODY_SENSORS" />
20-->src\main\AndroidManifest.xml:13:5-71
20-->src\main\AndroidManifest.xml:13:22-68
21    <uses-permission android:name="android.permission.INTERNET" />
21-->src\main\AndroidManifest.xml:14:5-66
21-->src\main\AndroidManifest.xml:14:22-64
22    <uses-permission android:name="android.permission.READ_CONTACTS" />
22-->src\main\AndroidManifest.xml:15:5-72
22-->src\main\AndroidManifest.xml:15:22-69
23    <uses-permission android:name="android.permission.SEND_SMS" />
23-->src\main\AndroidManifest.xml:16:5-67
23-->src\main\AndroidManifest.xml:16:22-64
24
25    <uses-feature
25-->src\main\AndroidManifest.xml:17:5-85
26        android:name="android.hardware.camera"
26-->src\main\AndroidManifest.xml:17:19-57
27        android:required="false" />
27-->src\main\AndroidManifest.xml:17:58-82
28
29    <uses-permission android:name="android.permission.CAMERA" />
29-->src\main\AndroidManifest.xml:12:5-65
29-->src\main\AndroidManifest.xml:12:22-62
30    <uses-permission android:name="android.permission.ACCESS_NETWORK_STATE" />
30-->[com.google.firebase:firebase-auth:23.0.0] AndroidManifest.xml:26:5-79
30-->[com.google.firebase:firebase-auth:23.0.0] AndroidManifest.xml:26:22-76
31    <uses-permission android:name="com.google.android.gms.permission.AD_ID" />
31-->[com.google.android.gms:play-services-measurement-api:22.0.1] AndroidManifest.xml:25:5-79
31-->[com.google.android.gms:play-services-measurement-api:22.0.1] AndroidManifest.xml:25:22-76
32    <uses-permission android:name="android.permission.ACCESS_ADSERVICES_ATTRIBUTION" />
32-->[com.google.android.gms:play-services-measurement-api:22.0.1] AndroidManifest.xml:26:5-88
32-->[com.google.android.gms:play-services-measurement-api:22.0.1] AndroidManifest.xml:26:22-85
33    <uses-permission android:name="android.permission.ACCESS_ADSERVICES_AD_ID" />
33-->[com.google.android.gms:play-services-measurement-api:22.0.1] AndroidManifest.xml:27:5-82
33-->[com.google.android.gms:play-services-measurement-api:22.0.1] AndroidManifest.xml:27:22-79
34    <uses-permission android:name="com.google.android.finsky.permission.BIND_GET_INSTALL_REFERRER_SERVICE" />
34-->[com.google.android.gms:play-services-measurement:22.0.1] AndroidManifest.xml:26:5-110
34-->[com.google.android.gms:play-services-measurement:22.0.1] AndroidManifest.xml:26:22-107
35    <uses-permission android:name="com.google.android.providers.gsf.permission.READ_GSERVICES" />
35-->[com.google.android.recaptcha:recaptcha:18.4.0] AndroidManifest.xml:9:5-98
35-->[com.google.android.recaptcha:recaptcha:18.4.0] AndroidManifest.xml:9:22-95
36
37    <permission
37-->[androidx.core:core:1.13.1] AndroidManifest.xml:22:5-24:47
38        android:name="com.venkat.healthapp.DYNAMIC_RECEIVER_NOT_EXPORTED_PERMISSION"
38-->[androidx.core:core:1.13.1] AndroidManifest.xml:23:9-81
39        android:protectionLevel="signature" />
39-->[androidx.core:core:1.13.1] AndroidManifest.xml:24:9-44
40
41    <uses-permission android:name="com.venkat.healthapp.DYNAMIC_RECEIVER_NOT_EXPORTED_PERMISSION" />
41-->[androidx.core:core:1.13.1] AndroidManifest.xml:26:5-97
41-->[androidx.core:core:1.13.1] AndroidManifest.xml:26:22-94
42
43    <application
43-->src\main\AndroidManifest.xml:22:5-91:19
44        android:allowBackup="true"
44-->src\main\AndroidManifest.xml:23:9-35
45        android:appComponentFactory="androidx.core.app.CoreComponentFactory"
45-->[androidx.core:core:1.13.1] AndroidManifest.xml:28:18-86
46        android:debuggable="true"
47        android:extractNativeLibs="false"
48        android:icon="@mipmap/drugs"
48-->src\main\AndroidManifest.xml:24:9-37
49        android:label="Health Tracker"
49-->src\main\AndroidManifest.xml:25:9-39
50        android:roundIcon="@mipmap/drugs"
50-->src\main\AndroidManifest.xml:26:9-42
51        android:supportsRtl="true"
51-->src\main\AndroidManifest.xml:27:9-35
52        android:testOnly="true"
53        android:theme="@style/Theme.HealthApp"
53-->src\main\AndroidManifest.xml:29:9-47
54        android:usesCleartextTraffic="true" >
54-->src\main\AndroidManifest.xml:28:9-44
55        <activity
55-->src\main\AndroidManifest.xml:31:9-39:20
56            android:name="com.venkat.healthapp.MainActivity"
56-->src\main\AndroidManifest.xml:32:13-41
57            android:exported="true"
57-->src\main\AndroidManifest.xml:33:13-36
58            android:theme="@style/Theme.HealthApp.Starting" >
58-->src\main\AndroidManifest.xml:34:13-60
59            <intent-filter>
59-->src\main\AndroidManifest.xml:35:13-38:29
60                <action android:name="android.intent.action.MAIN" />
60-->src\main\AndroidManifest.xml:36:17-68
60-->src\main\AndroidManifest.xml:36:25-66
61
62                <category android:name="android.intent.category.LAUNCHER" />
62-->src\main\AndroidManifest.xml:37:17-76
62-->src\main\AndroidManifest.xml:37:27-74
63            </intent-filter>
64        </activity>
65
66        <!-- Hair Alarm full-screen activity -->
67        <activity
67-->src\main\AndroidManifest.xml:42:9-49:54
68            android:name="com.venkat.healthapp.hair.alarm.AlarmActivity"
68-->src\main\AndroidManifest.xml:43:13-53
69            android:excludeFromRecents="true"
69-->src\main\AndroidManifest.xml:47:13-46
70            android:exported="false"
70-->src\main\AndroidManifest.xml:44:13-37
71            android:showOnLockScreen="true"
71-->src\main\AndroidManifest.xml:45:13-44
72            android:taskAffinity=""
72-->src\main\AndroidManifest.xml:48:13-36
73            android:theme="@style/Theme.HealthApp"
73-->src\main\AndroidManifest.xml:49:13-51
74            android:turnScreenOn="true" />
74-->src\main\AndroidManifest.xml:46:13-40
75
76        <!-- Hair medicine alarm receivers -->
77        <receiver
77-->src\main\AndroidManifest.xml:52:9-92
78            android:name="com.venkat.healthapp.hair.alarm.AlarmReceiver"
78-->src\main\AndroidManifest.xml:52:19-59
79            android:exported="false" />
79-->src\main\AndroidManifest.xml:52:65-89
80        <receiver
80-->src\main\AndroidManifest.xml:53:9-94
81            android:name="com.venkat.healthapp.hair.alarm.AlarmDismissReceiver"
81-->src\main\AndroidManifest.xml:53:19-66
82            android:exported="false" />
82-->src\main\AndroidManifest.xml:53:67-91
83        <receiver
83-->src\main\AndroidManifest.xml:54:9-59:20
84            android:name="com.venkat.healthapp.hair.alarm.BootReceiver"
84-->src\main\AndroidManifest.xml:54:19-58
85            android:exported="true" >
85-->src\main\AndroidManifest.xml:54:66-89
86            <intent-filter>
86-->src\main\AndroidManifest.xml:55:13-58:29
87                <action android:name="android.intent.action.BOOT_COMPLETED" />
87-->src\main\AndroidManifest.xml:56:17-79
87-->src\main\AndroidManifest.xml:56:25-76
88                <action android:name="android.intent.action.QUICKBOOT_POWERON" />
88-->src\main\AndroidManifest.xml:57:17-82
88-->src\main\AndroidManifest.xml:57:25-79
89            </intent-filter>
90        </receiver>
91
92        <!-- Water reminder receivers -->
93        <receiver
93-->src\main\AndroidManifest.xml:62:9-93
94            android:name="com.venkat.healthapp.water.ui.WaterReminderReceiver"
94-->src\main\AndroidManifest.xml:62:19-65
95            android:exported="false" />
95-->src\main\AndroidManifest.xml:62:66-90
96        <receiver
96-->src\main\AndroidManifest.xml:63:9-95
97            android:name="com.venkat.healthapp.water.ui.WaterAutoReduceReceiver"
97-->src\main\AndroidManifest.xml:63:19-67
98            android:exported="false" />
98-->src\main\AndroidManifest.xml:63:68-92
99        <receiver
99-->src\main\AndroidManifest.xml:64:9-69:20
100            android:name="com.venkat.healthapp.water.ui.WaterBootReceiver"
100-->src\main\AndroidManifest.xml:64:19-61
101            android:exported="true" >
101-->src\main\AndroidManifest.xml:64:66-89
102            <intent-filter>
102-->src\main\AndroidManifest.xml:55:13-58:29
103                <action android:name="android.intent.action.BOOT_COMPLETED" />
103-->src\main\AndroidManifest.xml:56:17-79
103-->src\main\AndroidManifest.xml:56:25-76
104                <action android:name="android.intent.action.QUICKBOOT_POWERON" />
104-->src\main\AndroidManifest.xml:57:17-82
104-->src\main\AndroidManifest.xml:57:25-79
105            </intent-filter>
106        </receiver>
107
108        <!-- Amount -->
109
110        <receiver
110-->src\main\AndroidManifest.xml:73:9-75:40
111            android:name="com.venkat.healthapp.expense.ui.ExpenseNoteReminderReceiver"
111-->src\main\AndroidManifest.xml:74:13-67
112            android:exported="false" />
112-->src\main\AndroidManifest.xml:75:13-37
113        <receiver
113-->src\main\AndroidManifest.xml:77:9-78:40
114            android:name="com.venkat.healthapp.expense.insights.InsightNotificationReceiver"
114-->src\main\AndroidManifest.xml:77:19-79
115            android:exported="false" />
115-->src\main\AndroidManifest.xml:78:13-37
116
117        <!-- FileProvider for camera photos -->
118        <provider
119            android:name="androidx.core.content.FileProvider"
119-->src\main\AndroidManifest.xml:82:13-62
120            android:authorities="com.venkat.healthapp.provider"
120-->src\main\AndroidManifest.xml:83:13-60
121            android:exported="false"
121-->src\main\AndroidManifest.xml:84:13-37
122            android:grantUriPermissions="true" >
122-->src\main\AndroidManifest.xml:85:13-47
123            <meta-data
123-->src\main\AndroidManifest.xml:86:13-88:54
124                android:name="android.support.FILE_PROVIDER_PATHS"
124-->src\main\AndroidManifest.xml:87:17-67
125                android:resource="@xml/file_paths" />
125-->src\main\AndroidManifest.xml:88:17-51
126        </provider>
127
128        <service
128-->[com.google.firebase:firebase-auth-ktx:23.0.0] AndroidManifest.xml:8:9-14:19
129            android:name="com.google.firebase.components.ComponentDiscoveryService"
129-->[com.google.firebase:firebase-auth-ktx:23.0.0] AndroidManifest.xml:9:13-84
130            android:directBootAware="true"
130-->[com.google.firebase:firebase-common:21.0.0] AndroidManifest.xml:32:13-43
131            android:exported="false" >
131-->[com.google.firebase:firebase-auth-ktx:23.0.0] AndroidManifest.xml:10:13-37
132            <meta-data
132-->[com.google.firebase:firebase-auth-ktx:23.0.0] AndroidManifest.xml:11:13-13:85
133                android:name="com.google.firebase.components:com.google.firebase.auth.ktx.FirebaseAuthLegacyRegistrar"
133-->[com.google.firebase:firebase-auth-ktx:23.0.0] AndroidManifest.xml:12:17-119
134                android:value="com.google.firebase.components.ComponentRegistrar" />
134-->[com.google.firebase:firebase-auth-ktx:23.0.0] AndroidManifest.xml:13:17-82
135            <meta-data
135-->[com.google.firebase:firebase-auth:23.0.0] AndroidManifest.xml:69:13-71:85
136                android:name="com.google.firebase.components:com.google.firebase.auth.FirebaseAuthRegistrar"
136-->[com.google.firebase:firebase-auth:23.0.0] AndroidManifest.xml:70:17-109
137                android:value="com.google.firebase.components.ComponentRegistrar" />
137-->[com.google.firebase:firebase-auth:23.0.0] AndroidManifest.xml:71:17-82
138            <meta-data
138-->[com.google.firebase:firebase-storage-ktx:21.0.0] AndroidManifest.xml:12:13-14:85
139                android:name="com.google.firebase.components:com.google.firebase.storage.ktx.FirebaseStorageLegacyRegistrar"
139-->[com.google.firebase:firebase-storage-ktx:21.0.0] AndroidManifest.xml:13:17-125
140                android:value="com.google.firebase.components.ComponentRegistrar" />
140-->[com.google.firebase:firebase-storage-ktx:21.0.0] AndroidManifest.xml:14:17-82
141            <meta-data
141-->[com.google.firebase:firebase-storage:21.0.0] AndroidManifest.xml:30:13-32:85
142                android:name="com.google.firebase.components:com.google.firebase.storage.FirebaseStorageKtxRegistrar"
142-->[com.google.firebase:firebase-storage:21.0.0] AndroidManifest.xml:31:17-118
143                android:value="com.google.firebase.components.ComponentRegistrar" />
143-->[com.google.firebase:firebase-storage:21.0.0] AndroidManifest.xml:32:17-82
144            <meta-data
144-->[com.google.firebase:firebase-storage:21.0.0] AndroidManifest.xml:33:13-35:85
145                android:name="com.google.firebase.components:com.google.firebase.storage.StorageRegistrar"
145-->[com.google.firebase:firebase-storage:21.0.0] AndroidManifest.xml:34:17-107
146                android:value="com.google.firebase.components.ComponentRegistrar" />
146-->[com.google.firebase:firebase-storage:21.0.0] AndroidManifest.xml:35:17-82
147            <meta-data
147-->[com.google.firebase:firebase-firestore-ktx:25.0.0] AndroidManifest.xml:12:13-14:85
148                android:name="com.google.firebase.components:com.google.firebase.firestore.ktx.FirebaseFirestoreLegacyRegistrar"
148-->[com.google.firebase:firebase-firestore-ktx:25.0.0] AndroidManifest.xml:13:17-129
149                android:value="com.google.firebase.components.ComponentRegistrar" />
149-->[com.google.firebase:firebase-firestore-ktx:25.0.0] AndroidManifest.xml:14:17-82
150            <meta-data
150-->[com.google.firebase:firebase-firestore:25.0.0] AndroidManifest.xml:17:13-19:85
151                android:name="com.google.firebase.components:com.google.firebase.firestore.FirebaseFirestoreKtxRegistrar"
151-->[com.google.firebase:firebase-firestore:25.0.0] AndroidManifest.xml:18:17-122
152                android:value="com.google.firebase.components.ComponentRegistrar" />
152-->[com.google.firebase:firebase-firestore:25.0.0] AndroidManifest.xml:19:17-82
153            <meta-data
153-->[com.google.firebase:firebase-firestore:25.0.0] AndroidManifest.xml:20:13-22:85
154                android:name="com.google.firebase.components:com.google.firebase.firestore.FirestoreRegistrar"
154-->[com.google.firebase:firebase-firestore:25.0.0] AndroidManifest.xml:21:17-111
155                android:value="com.google.firebase.components.ComponentRegistrar" />
155-->[com.google.firebase:firebase-firestore:25.0.0] AndroidManifest.xml:22:17-82
156            <meta-data
156-->[com.google.firebase:firebase-appcheck:18.0.0] AndroidManifest.xml:25:13-27:85
157                android:name="com.google.firebase.components:com.google.firebase.appcheck.FirebaseAppCheckKtxRegistrar"
157-->[com.google.firebase:firebase-appcheck:18.0.0] AndroidManifest.xml:26:17-120
158                android:value="com.google.firebase.components.ComponentRegistrar" />
158-->[com.google.firebase:firebase-appcheck:18.0.0] AndroidManifest.xml:27:17-82
159            <meta-data
159-->[com.google.firebase:firebase-appcheck:18.0.0] AndroidManifest.xml:28:13-30:85
160                android:name="com.google.firebase.components:com.google.firebase.appcheck.FirebaseAppCheckRegistrar"
160-->[com.google.firebase:firebase-appcheck:18.0.0] AndroidManifest.xml:29:17-117
161                android:value="com.google.firebase.components.ComponentRegistrar" />
161-->[com.google.firebase:firebase-appcheck:18.0.0] AndroidManifest.xml:30:17-82
162            <meta-data
162-->[com.google.android.gms:play-services-measurement-api:22.0.1] AndroidManifest.xml:37:13-39:85
163                android:name="com.google.firebase.components:com.google.firebase.analytics.connector.internal.AnalyticsConnectorRegistrar"
163-->[com.google.android.gms:play-services-measurement-api:22.0.1] AndroidManifest.xml:38:17-139
164                android:value="com.google.firebase.components.ComponentRegistrar" />
164-->[com.google.android.gms:play-services-measurement-api:22.0.1] AndroidManifest.xml:39:17-82
165            <meta-data
165-->[com.google.firebase:firebase-installations:18.0.0] AndroidManifest.xml:15:13-17:85
166                android:name="com.google.firebase.components:com.google.firebase.installations.FirebaseInstallationsKtxRegistrar"
166-->[com.google.firebase:firebase-installations:18.0.0] AndroidManifest.xml:16:17-130
167                android:value="com.google.firebase.components.ComponentRegistrar" />
167-->[com.google.firebase:firebase-installations:18.0.0] AndroidManifest.xml:17:17-82
168            <meta-data
168-->[com.google.firebase:firebase-installations:18.0.0] AndroidManifest.xml:18:13-20:85
169                android:name="com.google.firebase.components:com.google.firebase.installations.FirebaseInstallationsRegistrar"
169-->[com.google.firebase:firebase-installations:18.0.0] AndroidManifest.xml:19:17-127
170                android:value="com.google.firebase.components.ComponentRegistrar" />
170-->[com.google.firebase:firebase-installations:18.0.0] AndroidManifest.xml:20:17-82
171            <meta-data
171-->[com.google.firebase:firebase-common-ktx:21.0.0] AndroidManifest.xml:12:13-14:85
172                android:name="com.google.firebase.components:com.google.firebase.ktx.FirebaseCommonLegacyRegistrar"
172-->[com.google.firebase:firebase-common-ktx:21.0.0] AndroidManifest.xml:13:17-116
173                android:value="com.google.firebase.components.ComponentRegistrar" />
173-->[com.google.firebase:firebase-common-ktx:21.0.0] AndroidManifest.xml:14:17-82
174            <meta-data
174-->[com.google.firebase:firebase-common:21.0.0] AndroidManifest.xml:35:13-37:85
175                android:name="com.google.firebase.components:com.google.firebase.FirebaseCommonKtxRegistrar"
175-->[com.google.firebase:firebase-common:21.0.0] AndroidManifest.xml:36:17-109
176                android:value="com.google.firebase.components.ComponentRegistrar" />
176-->[com.google.firebase:firebase-common:21.0.0] AndroidManifest.xml:37:17-82
177        </service>
178
179        <activity
179-->[com.google.firebase:firebase-auth:23.0.0] AndroidManifest.xml:29:9-46:20
180            android:name="com.google.firebase.auth.internal.GenericIdpActivity"
180-->[com.google.firebase:firebase-auth:23.0.0] AndroidManifest.xml:30:13-80
181            android:excludeFromRecents="true"
181-->[com.google.firebase:firebase-auth:23.0.0] AndroidManifest.xml:31:13-46
182            android:exported="true"
182-->[com.google.firebase:firebase-auth:23.0.0] AndroidManifest.xml:32:13-36
183            android:launchMode="singleTask"
183-->[com.google.firebase:firebase-auth:23.0.0] AndroidManifest.xml:33:13-44
184            android:theme="@android:style/Theme.Translucent.NoTitleBar" >
184-->[com.google.firebase:firebase-auth:23.0.0] AndroidManifest.xml:34:13-72
185            <intent-filter>
185-->[com.google.firebase:firebase-auth:23.0.0] AndroidManifest.xml:35:13-45:29
186                <action android:name="android.intent.action.VIEW" />
186-->[com.google.firebase:firebase-auth:23.0.0] AndroidManifest.xml:36:17-69
186-->[com.google.firebase:firebase-auth:23.0.0] AndroidManifest.xml:36:25-66
187
188                <category android:name="android.intent.category.DEFAULT" />
188-->[com.google.firebase:firebase-auth:23.0.0] AndroidManifest.xml:38:17-76
188-->[com.google.firebase:firebase-auth:23.0.0] AndroidManifest.xml:38:27-73
189                <category android:name="android.intent.category.BROWSABLE" />
189-->[com.google.firebase:firebase-auth:23.0.0] AndroidManifest.xml:39:17-78
189-->[com.google.firebase:firebase-auth:23.0.0] AndroidManifest.xml:39:27-75
190
191                <data
191-->[com.google.firebase:firebase-auth:23.0.0] AndroidManifest.xml:41:17-44:51
192                    android:host="firebase.auth"
192-->[com.google.firebase:firebase-auth:23.0.0] AndroidManifest.xml:42:21-49
193                    android:path="/"
193-->[com.google.firebase:firebase-auth:23.0.0] AndroidManifest.xml:43:21-37
194                    android:scheme="genericidp" />
194-->[com.google.firebase:firebase-auth:23.0.0] AndroidManifest.xml:44:21-48
195            </intent-filter>
196        </activity>
197        <activity
197-->[com.google.firebase:firebase-auth:23.0.0] AndroidManifest.xml:47:9-64:20
198            android:name="com.google.firebase.auth.internal.RecaptchaActivity"
198-->[com.google.firebase:firebase-auth:23.0.0] AndroidManifest.xml:48:13-79
199            android:excludeFromRecents="true"
199-->[com.google.firebase:firebase-auth:23.0.0] AndroidManifest.xml:49:13-46
200            android:exported="true"
200-->[com.google.firebase:firebase-auth:23.0.0] AndroidManifest.xml:50:13-36
201            android:launchMode="singleTask"
201-->[com.google.firebase:firebase-auth:23.0.0] AndroidManifest.xml:51:13-44
202            android:theme="@android:style/Theme.Translucent.NoTitleBar" >
202-->[com.google.firebase:firebase-auth:23.0.0] AndroidManifest.xml:52:13-72
203            <intent-filter>
203-->[com.google.firebase:firebase-auth:23.0.0] AndroidManifest.xml:53:13-63:29
204                <action android:name="android.intent.action.VIEW" />
204-->[com.google.firebase:firebase-auth:23.0.0] AndroidManifest.xml:36:17-69
204-->[com.google.firebase:firebase-auth:23.0.0] AndroidManifest.xml:36:25-66
205
206                <category android:name="android.intent.category.DEFAULT" />
206-->[com.google.firebase:firebase-auth:23.0.0] AndroidManifest.xml:38:17-76
206-->[com.google.firebase:firebase-auth:23.0.0] AndroidManifest.xml:38:27-73
207                <category android:name="android.intent.category.BROWSABLE" />
207-->[com.google.firebase:firebase-auth:23.0.0] AndroidManifest.xml:39:17-78
207-->[com.google.firebase:firebase-auth:23.0.0] AndroidManifest.xml:39:27-75
208
209                <data
209-->[com.google.firebase:firebase-auth:23.0.0] AndroidManifest.xml:41:17-44:51
210                    android:host="firebase.auth"
210-->[com.google.firebase:firebase-auth:23.0.0] AndroidManifest.xml:42:21-49
211                    android:path="/"
211-->[com.google.firebase:firebase-auth:23.0.0] AndroidManifest.xml:43:21-37
212                    android:scheme="recaptcha" />
212-->[com.google.firebase:firebase-auth:23.0.0] AndroidManifest.xml:44:21-48
213            </intent-filter>
214        </activity>
215
216        <service
216-->[androidx.credentials:credentials-play-services-auth:1.3.0] AndroidManifest.xml:24:9-32:19
217            android:name="androidx.credentials.playservices.CredentialProviderMetadataHolder"
217-->[androidx.credentials:credentials-play-services-auth:1.3.0] AndroidManifest.xml:25:13-94
218            android:enabled="true"
218-->[androidx.credentials:credentials-play-services-auth:1.3.0] AndroidManifest.xml:26:13-35
219            android:exported="false" >
219-->[androidx.credentials:credentials-play-services-auth:1.3.0] AndroidManifest.xml:27:13-37
220            <meta-data
220-->[androidx.credentials:credentials-play-services-auth:1.3.0] AndroidManifest.xml:29:13-31:104
221                android:name="androidx.credentials.CREDENTIAL_PROVIDER_KEY"
221-->[androidx.credentials:credentials-play-services-auth:1.3.0] AndroidManifest.xml:30:17-76
222                android:value="androidx.credentials.playservices.CredentialProviderPlayServicesImpl" />
222-->[androidx.credentials:credentials-play-services-auth:1.3.0] AndroidManifest.xml:31:17-101
223        </service>
224
225        <activity
225-->[androidx.credentials:credentials-play-services-auth:1.3.0] AndroidManifest.xml:34:9-41:20
226            android:name="androidx.credentials.playservices.HiddenActivity"
226-->[androidx.credentials:credentials-play-services-auth:1.3.0] AndroidManifest.xml:35:13-76
227            android:configChanges="orientation|screenSize|screenLayout|keyboardHidden"
227-->[androidx.credentials:credentials-play-services-auth:1.3.0] AndroidManifest.xml:36:13-87
228            android:enabled="true"
228-->[androidx.credentials:credentials-play-services-auth:1.3.0] AndroidManifest.xml:37:13-35
229            android:exported="false"
229-->[androidx.credentials:credentials-play-services-auth:1.3.0] AndroidManifest.xml:38:13-37
230            android:fitsSystemWindows="true"
230-->[androidx.credentials:credentials-play-services-auth:1.3.0] AndroidManifest.xml:39:13-45
231            android:theme="@style/Theme.Hidden" >
231-->[androidx.credentials:credentials-play-services-auth:1.3.0] AndroidManifest.xml:40:13-48
232        </activity>
233        <activity
233-->[com.google.android.gms:play-services-auth:21.1.1] AndroidManifest.xml:23:9-27:75
234            android:name="com.google.android.gms.auth.api.signin.internal.SignInHubActivity"
234-->[com.google.android.gms:play-services-auth:21.1.1] AndroidManifest.xml:24:13-93
235            android:excludeFromRecents="true"
235-->[com.google.android.gms:play-services-auth:21.1.1] AndroidManifest.xml:25:13-46
236            android:exported="false"
236-->[com.google.android.gms:play-services-auth:21.1.1] AndroidManifest.xml:26:13-37
237            android:theme="@android:style/Theme.Translucent.NoTitleBar" />
237-->[com.google.android.gms:play-services-auth:21.1.1] AndroidManifest.xml:27:13-72
238        <!--
239            Service handling Google Sign-In user revocation. For apps that do not integrate with
240            Google Sign-In, this service will never be started.
241        -->
242        <service
242-->[com.google.android.gms:play-services-auth:21.1.1] AndroidManifest.xml:33:9-37:51
243            android:name="com.google.android.gms.auth.api.signin.RevocationBoundService"
243-->[com.google.android.gms:play-services-auth:21.1.1] AndroidManifest.xml:34:13-89
244            android:exported="true"
244-->[com.google.android.gms:play-services-auth:21.1.1] AndroidManifest.xml:35:13-36
245            android:permission="com.google.android.gms.auth.api.signin.permission.REVOCATION_NOTIFICATION"
245-->[com.google.android.gms:play-services-auth:21.1.1] AndroidManifest.xml:36:13-107
246            android:visibleToInstantApps="true" />
246-->[com.google.android.gms:play-services-auth:21.1.1] AndroidManifest.xml:37:13-48
247        <service
247-->[com.google.android.gms:play-services-mlkit-text-recognition-common:19.1.0] AndroidManifest.xml:9:9-15:19
248            android:name="com.google.mlkit.common.internal.MlKitComponentDiscoveryService"
248-->[com.google.android.gms:play-services-mlkit-text-recognition-common:19.1.0] AndroidManifest.xml:10:13-91
249            android:directBootAware="true"
249-->[com.google.mlkit:common:18.11.0] AndroidManifest.xml:17:13-43
250            android:exported="false" >
250-->[com.google.android.gms:play-services-mlkit-text-recognition-common:19.1.0] AndroidManifest.xml:11:13-37
251            <meta-data
251-->[com.google.android.gms:play-services-mlkit-text-recognition-common:19.1.0] AndroidManifest.xml:12:13-14:85
252                android:name="com.google.firebase.components:com.google.mlkit.vision.text.internal.TextRegistrar"
252-->[com.google.android.gms:play-services-mlkit-text-recognition-common:19.1.0] AndroidManifest.xml:13:17-114
253                android:value="com.google.firebase.components.ComponentRegistrar" />
253-->[com.google.android.gms:play-services-mlkit-text-recognition-common:19.1.0] AndroidManifest.xml:14:17-82
254            <meta-data
254-->[com.google.mlkit:vision-common:17.3.0] AndroidManifest.xml:12:13-14:85
255                android:name="com.google.firebase.components:com.google.mlkit.vision.common.internal.VisionCommonRegistrar"
255-->[com.google.mlkit:vision-common:17.3.0] AndroidManifest.xml:13:17-124
256                android:value="com.google.firebase.components.ComponentRegistrar" />
256-->[com.google.mlkit:vision-common:17.3.0] AndroidManifest.xml:14:17-82
257            <meta-data
257-->[com.google.mlkit:common:18.11.0] AndroidManifest.xml:20:13-22:85
258                android:name="com.google.firebase.components:com.google.mlkit.common.internal.CommonComponentRegistrar"
258-->[com.google.mlkit:common:18.11.0] AndroidManifest.xml:21:17-120
259                android:value="com.google.firebase.components.ComponentRegistrar" />
259-->[com.google.mlkit:common:18.11.0] AndroidManifest.xml:22:17-82
260        </service>
261
262        <provider
262-->[com.google.mlkit:common:18.11.0] AndroidManifest.xml:9:9-13:38
263            android:name="com.google.mlkit.common.internal.MlKitInitProvider"
263-->[com.google.mlkit:common:18.11.0] AndroidManifest.xml:10:13-78